2020-01-10 10:56:04 Error: [Cake\Http\Exception\MissingControllerException] Controller class Articles could not be found. in C:\wamp64\www\CakeComposer\projeto_mod13\vendor\cakephp\cakephp\src\Controller\ControllerFactory.php on line 155
Exception Attributes: array (
  'class' => 'Articles',
  'plugin' => NULL,
  'prefix' => NULL,
  '_ext' => NULL,
)
Stack Trace:
- C:\wamp64\www\CakeComposer\projeto_mod13\vendor\cakephp\cakephp\src\Controller\ControllerFactory.php:46
- C:\wamp64\www\CakeComposer\projeto_mod13\vendor\cakephp\cakephp\src\Http\BaseApplication.php:227
- C:\wamp64\www\CakeComposer\projeto_mod13\vendor\cakephp\cakephp\src\Http\Runner.php:77
- C:\wamp64\www\CakeComposer\projeto_mod13\vendor\cakephp\cakephp\src\Http\Runner.php:77
- C:\wamp64\www\CakeComposer\projeto_mod13\vendor\cakephp\cakephp\src\Http\Middleware\CsrfProtectionMiddleware.php:132
- C:\wamp64\www\CakeComposer\projeto_mod13\vendor\cakephp\cakephp\src\Http\Runner.php:73
- C:\wamp64\www\CakeComposer\projeto_mod13\vendor\cakephp\cakephp\src\Http\Runner.php:58
- C:\wamp64\www\CakeComposer\projeto_mod13\vendor\cakephp\cakephp\src\Routing\Middleware\RoutingMiddleware.php:162
- C:\wamp64\www\CakeComposer\projeto_mod13\vendor\cakephp\cakephp\src\Http\Runner.php:73
- C:\wamp64\www\CakeComposer\projeto_mod13\vendor\cakephp\cakephp\src\Routing\Middleware\AssetMiddleware.php:68
- C:\wamp64\www\CakeComposer\projeto_mod13\vendor\cakephp\cakephp\src\Http\Runner.php:73
- C:\wamp64\www\CakeComposer\projeto_mod13\vendor\cakephp\cakephp\src\Error\Middleware\ErrorHandlerMiddleware.php:118
- C:\wamp64\www\CakeComposer\projeto_mod13\vendor\cakephp\cakephp\src\Http\Runner.php:73
- C:\wamp64\www\CakeComposer\projeto_mod13\vendor\cakephp\debug_kit\src\Middleware\DebugKitMiddleware.php:60
- C:\wamp64\www\CakeComposer\projeto_mod13\vendor\cakephp\cakephp\src\Http\Runner.php:73
- C:\wamp64\www\CakeComposer\projeto_mod13\vendor\cakephp\cakephp\src\Http\Runner.php:58
- C:\wamp64\www\CakeComposer\projeto_mod13\vendor\cakephp\cakephp\src\Http\Server.php:90
- C:\wamp64\www\CakeComposer\projeto_mod13\webroot\index.php:40

Request URL: /Articles


2020-01-13 16:50:36 Error: [Cake\Datasource\Exception\InvalidPrimaryKeyException] Record not found in table "cliente" with primary key [NULL] in C:\wamp64\www\CakeComposer\projeto_mod13\vendor\cakephp\cakephp\src\ORM\Table.php on line 1427
Stack Trace:
- C:\wamp64\www\CakeComposer\projeto_mod13\src\Controller\ClienteController.php:38
- C:\wamp64\www\CakeComposer\projeto_mod13\vendor\cakephp\cakephp\src\Controller\Controller.php:524
- C:\wamp64\www\CakeComposer\projeto_mod13\vendor\cakephp\cakephp\src\Controller\ControllerFactory.php:79
- C:\wamp64\www\CakeComposer\projeto_mod13\vendor\cakephp\cakephp\src\Http\BaseApplication.php:229
- C:\wamp64\www\CakeComposer\projeto_mod13\vendor\cakephp\cakephp\src\Http\Runner.php:77
- C:\wamp64\www\CakeComposer\projeto_mod13\vendor\cakephp\cakephp\src\Http\Runner.php:77
- C:\wamp64\www\CakeComposer\projeto_mod13\vendor\cakephp\cakephp\src\Http\Middleware\CsrfProtectionMiddleware.php:132
- C:\wamp64\www\CakeComposer\projeto_mod13\vendor\cakephp\cakephp\src\Http\Runner.php:73
- C:\wamp64\www\CakeComposer\projeto_mod13\vendor\cakephp\cakephp\src\Http\Runner.php:58
- C:\wamp64\www\CakeComposer\projeto_mod13\vendor\cakephp\cakephp\src\Routing\Middleware\RoutingMiddleware.php:162
- C:\wamp64\www\CakeComposer\projeto_mod13\vendor\cakephp\cakephp\src\Http\Runner.php:73
- C:\wamp64\www\CakeComposer\projeto_mod13\vendor\cakephp\cakephp\src\Routing\Middleware\AssetMiddleware.php:68
- C:\wamp64\www\CakeComposer\projeto_mod13\vendor\cakephp\cakephp\src\Http\Runner.php:73
- C:\wamp64\www\CakeComposer\projeto_mod13\vendor\cakephp\cakephp\src\Error\Middleware\ErrorHandlerMiddleware.php:118
- C:\wamp64\www\CakeComposer\projeto_mod13\vendor\cakephp\cakephp\src\Http\Runner.php:73
- C:\wamp64\www\CakeComposer\projeto_mod13\vendor\cakephp\debug_kit\src\Middleware\DebugKitMiddleware.php:60
- C:\wamp64\www\CakeComposer\projeto_mod13\vendor\cakephp\cakephp\src\Http\Runner.php:73
- C:\wamp64\www\CakeComposer\projeto_mod13\vendor\cakephp\cakephp\src\Http\Runner.php:58
- C:\wamp64\www\CakeComposer\projeto_mod13\vendor\cakephp\cakephp\src\Http\Server.php:90
- C:\wamp64\www\CakeComposer\projeto_mod13\webroot\index.php:40

Request URL: /cliente/edit
Referer URL: http://localhost/CakeComposer/projeto_mod13/cliente


2020-01-13 17:40:39 Error: [Cake\Controller\Exception\MissingActionException] Action ClienteController::view() could not be found, or is not accessible. in C:\wamp64\www\CakeComposer\projeto_mod13\vendor\cakephp\cakephp\src\Controller\Controller.php on line 503
Exception Attributes: array (
  'controller' => 'ClienteController',
  'action' => 'view',
  'prefix' => '',
  'plugin' => NULL,
)
Stack Trace:
- C:\wamp64\www\CakeComposer\projeto_mod13\vendor\cakephp\cakephp\src\Controller\ControllerFactory.php:77
- C:\wamp64\www\CakeComposer\projeto_mod13\vendor\cakephp\cakephp\src\Http\BaseApplication.php:229
- C:\wamp64\www\CakeComposer\projeto_mod13\vendor\cakephp\cakephp\src\Http\Runner.php:77
- C:\wamp64\www\CakeComposer\projeto_mod13\vendor\cakephp\cakephp\src\Http\Runner.php:77
- C:\wamp64\www\CakeComposer\projeto_mod13\vendor\cakephp\cakephp\src\Http\Middleware\CsrfProtectionMiddleware.php:132
- C:\wamp64\www\CakeComposer\projeto_mod13\vendor\cakephp\cakephp\src\Http\Runner.php:73
- C:\wamp64\www\CakeComposer\projeto_mod13\vendor\cakephp\cakephp\src\Http\Runner.php:58
- C:\wamp64\www\CakeComposer\projeto_mod13\vendor\cakephp\cakephp\src\Routing\Middleware\RoutingMiddleware.php:162
- C:\wamp64\www\CakeComposer\projeto_mod13\vendor\cakephp\cakephp\src\Http\Runner.php:73
- C:\wamp64\www\CakeComposer\projeto_mod13\vendor\cakephp\cakephp\src\Routing\Middleware\AssetMiddleware.php:68
- C:\wamp64\www\CakeComposer\projeto_mod13\vendor\cakephp\cakephp\src\Http\Runner.php:73
- C:\wamp64\www\CakeComposer\projeto_mod13\vendor\cakephp\cakephp\src\Error\Middleware\ErrorHandlerMiddleware.php:118
- C:\wamp64\www\CakeComposer\projeto_mod13\vendor\cakephp\cakephp\src\Http\Runner.php:73
- C:\wamp64\www\CakeComposer\projeto_mod13\vendor\cakephp\debug_kit\src\Middleware\DebugKitMiddleware.php:60
- C:\wamp64\www\CakeComposer\projeto_mod13\vendor\cakephp\cakephp\src\Http\Runner.php:73
- C:\wamp64\www\CakeComposer\projeto_mod13\vendor\cakephp\cakephp\src\Http\Runner.php:58
- C:\wamp64\www\CakeComposer\projeto_mod13\vendor\cakephp\cakephp\src\Http\Server.php:90
- C:\wamp64\www\CakeComposer\projeto_mod13\webroot\index.php:40

Request URL: /cliente/view/341563005
Referer URL: http://localhost/CakeComposer/projeto_mod13/cliente


2020-01-13 17:40:42 Error: [Cake\Controller\Exception\MissingActionException] Action ClienteController::view() could not be found, or is not accessible. in C:\wamp64\www\CakeComposer\projeto_mod13\vendor\cakephp\cakephp\src\Controller\Controller.php on line 503
Exception Attributes: array (
  'controller' => 'ClienteController',
  'action' => 'view',
  'prefix' => '',
  'plugin' => NULL,
)
Stack Trace:
- C:\wamp64\www\CakeComposer\projeto_mod13\vendor\cakephp\cakephp\src\Controller\ControllerFactory.php:77
- C:\wamp64\www\CakeComposer\projeto_mod13\vendor\cakephp\cakephp\src\Http\BaseApplication.php:229
- C:\wamp64\www\CakeComposer\projeto_mod13\vendor\cakephp\cakephp\src\Http\Runner.php:77
- C:\wamp64\www\CakeComposer\projeto_mod13\vendor\cakephp\cakephp\src\Http\Runner.php:77
- C:\wamp64\www\CakeComposer\projeto_mod13\vendor\cakephp\cakephp\src\Http\Middleware\CsrfProtectionMiddleware.php:132
- C:\wamp64\www\CakeComposer\projeto_mod13\vendor\cakephp\cakephp\src\Http\Runner.php:73
- C:\wamp64\www\CakeComposer\projeto_mod13\vendor\cakephp\cakephp\src\Http\Runner.php:58
- C:\wamp64\www\CakeComposer\projeto_mod13\vendor\cakephp\cakephp\src\Routing\Middleware\RoutingMiddleware.php:162
- C:\wamp64\www\CakeComposer\projeto_mod13\vendor\cakephp\cakephp\src\Http\Runner.php:73
- C:\wamp64\www\CakeComposer\projeto_mod13\vendor\cakephp\cakephp\src\Routing\Middleware\AssetMiddleware.php:68
- C:\wamp64\www\CakeComposer\projeto_mod13\vendor\cakephp\cakephp\src\Http\Runner.php:73
- C:\wamp64\www\CakeComposer\projeto_mod13\vendor\cakephp\cakephp\src\Error\Middleware\ErrorHandlerMiddleware.php:118
- C:\wamp64\www\CakeComposer\projeto_mod13\vendor\cakephp\cakephp\src\Http\Runner.php:73
- C:\wamp64\www\CakeComposer\projeto_mod13\vendor\cakephp\debug_kit\src\Middleware\DebugKitMiddleware.php:60
- C:\wamp64\www\CakeComposer\projeto_mod13\vendor\cakephp\cakephp\src\Http\Runner.php:73
- C:\wamp64\www\CakeComposer\projeto_mod13\vendor\cakephp\cakephp\src\Http\Runner.php:58
- C:\wamp64\www\CakeComposer\projeto_mod13\vendor\cakephp\cakephp\src\Http\Server.php:90
- C:\wamp64\www\CakeComposer\projeto_mod13\webroot\index.php:40

Request URL: /cliente/view/738219921
Referer URL: http://localhost/CakeComposer/projeto_mod13/cliente


2020-01-13 17:40:44 Error: [Cake\Controller\Exception\MissingActionException] Action ClienteController::view() could not be found, or is not accessible. in C:\wamp64\www\CakeComposer\projeto_mod13\vendor\cakephp\cakephp\src\Controller\Controller.php on line 503
Exception Attributes: array (
  'controller' => 'ClienteController',
  'action' => 'view',
  'prefix' => '',
  'plugin' => NULL,
)
Stack Trace:
- C:\wamp64\www\CakeComposer\projeto_mod13\vendor\cakephp\cakephp\src\Controller\ControllerFactory.php:77
- C:\wamp64\www\CakeComposer\projeto_mod13\vendor\cakephp\cakephp\src\Http\BaseApplication.php:229
- C:\wamp64\www\CakeComposer\projeto_mod13\vendor\cakephp\cakephp\src\Http\Runner.php:77
- C:\wamp64\www\CakeComposer\projeto_mod13\vendor\cakephp\cakephp\src\Http\Runner.php:77
- C:\wamp64\www\CakeComposer\projeto_mod13\vendor\cakephp\cakephp\src\Http\Middleware\CsrfProtectionMiddleware.php:132
- C:\wamp64\www\CakeComposer\projeto_mod13\vendor\cakephp\cakephp\src\Http\Runner.php:73
- C:\wamp64\www\CakeComposer\projeto_mod13\vendor\cakephp\cakephp\src\Http\Runner.php:58
- C:\wamp64\www\CakeComposer\projeto_mod13\vendor\cakephp\cakephp\src\Routing\Middleware\RoutingMiddleware.php:162
- C:\wamp64\www\CakeComposer\projeto_mod13\vendor\cakephp\cakephp\src\Http\Runner.php:73
- C:\wamp64\www\CakeComposer\projeto_mod13\vendor\cakephp\cakephp\src\Routing\Middleware\AssetMiddleware.php:68
- C:\wamp64\www\CakeComposer\projeto_mod13\vendor\cakephp\cakephp\src\Http\Runner.php:73
- C:\wamp64\www\CakeComposer\projeto_mod13\vendor\cakephp\cakephp\src\Error\Middleware\ErrorHandlerMiddleware.php:118
- C:\wamp64\www\CakeComposer\projeto_mod13\vendor\cakephp\cakephp\src\Http\Runner.php:73
- C:\wamp64\www\CakeComposer\projeto_mod13\vendor\cakephp\debug_kit\src\Middleware\DebugKitMiddleware.php:60
- C:\wamp64\www\CakeComposer\projeto_mod13\vendor\cakephp\cakephp\src\Http\Runner.php:73
- C:\wamp64\www\CakeComposer\projeto_mod13\vendor\cakephp\cakephp\src\Http\Runner.php:58
- C:\wamp64\www\CakeComposer\projeto_mod13\vendor\cakephp\cakephp\src\Http\Server.php:90
- C:\wamp64\www\CakeComposer\projeto_mod13\webroot\index.php:40

Request URL: /cliente/view/152009438
Referer URL: http://localhost/CakeComposer/projeto_mod13/cliente


2020-01-13 17:42:20 Error: [Cake\Controller\Exception\MissingActionException] Action ClienteController::view() could not be found, or is not accessible. in C:\wamp64\www\CakeComposer\projeto_mod13\vendor\cakephp\cakephp\src\Controller\Controller.php on line 503
Exception Attributes: array (
  'controller' => 'ClienteController',
  'action' => 'view',
  'prefix' => '',
  'plugin' => NULL,
)
Stack Trace:
- C:\wamp64\www\CakeComposer\projeto_mod13\vendor\cakephp\cakephp\src\Controller\ControllerFactory.php:77
- C:\wamp64\www\CakeComposer\projeto_mod13\vendor\cakephp\cakephp\src\Http\BaseApplication.php:229
- C:\wamp64\www\CakeComposer\projeto_mod13\vendor\cakephp\cakephp\src\Http\Runner.php:77
- C:\wamp64\www\CakeComposer\projeto_mod13\vendor\cakephp\cakephp\src\Http\Runner.php:77
- C:\wamp64\www\CakeComposer\projeto_mod13\vendor\cakephp\cakephp\src\Http\Middleware\CsrfProtectionMiddleware.php:132
- C:\wamp64\www\CakeComposer\projeto_mod13\vendor\cakephp\cakephp\src\Http\Runner.php:73
- C:\wamp64\www\CakeComposer\projeto_mod13\vendor\cakephp\cakephp\src\Http\Runner.php:58
- C:\wamp64\www\CakeComposer\projeto_mod13\vendor\cakephp\cakephp\src\Routing\Middleware\RoutingMiddleware.php:162
- C:\wamp64\www\CakeComposer\projeto_mod13\vendor\cakephp\cakephp\src\Http\Runner.php:73
- C:\wamp64\www\CakeComposer\projeto_mod13\vendor\cakephp\cakephp\src\Routing\Middleware\AssetMiddleware.php:68
- C:\wamp64\www\CakeComposer\projeto_mod13\vendor\cakephp\cakephp\src\Http\Runner.php:73
- C:\wamp64\www\CakeComposer\projeto_mod13\vendor\cakephp\cakephp\src\Error\Middleware\ErrorHandlerMiddleware.php:118
- C:\wamp64\www\CakeComposer\projeto_mod13\vendor\cakephp\cakephp\src\Http\Runner.php:73
- C:\wamp64\www\CakeComposer\projeto_mod13\vendor\cakephp\debug_kit\src\Middleware\DebugKitMiddleware.php:60
- C:\wamp64\www\CakeComposer\projeto_mod13\vendor\cakephp\cakephp\src\Http\Runner.php:73
- C:\wamp64\www\CakeComposer\projeto_mod13\vendor\cakephp\cakephp\src\Http\Runner.php:58
- C:\wamp64\www\CakeComposer\projeto_mod13\vendor\cakephp\cakephp\src\Http\Server.php:90
- C:\wamp64\www\CakeComposer\projeto_mod13\webroot\index.php:40

Request URL: /cliente/view/738219921
Referer URL: http://localhost/CakeComposer/projeto_mod13/cliente


2020-01-13 17:46:23 Error: [ParseError] syntax error, unexpected '->' (T_OBJECT_OPERATOR) in C:\wamp64\www\CakeComposer\projeto_mod13\src\Model\Table\ClienteTable.php on line 23
Stack Trace:
- C:\wamp64\www\CakeComposer\projeto_mod13\vendor\composer\ClassLoader.php:322
- spl_autoload_call - [internal], line ??- class_exists - [internal], line ??- C:\wamp64\www\CakeComposer\projeto_mod13\vendor\cakephp\cakephp\src\Core\App.php:158
- C:\wamp64\www\CakeComposer\projeto_mod13\vendor\cakephp\cakephp\src\Core\App.php:66
- C:\wamp64\www\CakeComposer\projeto_mod13\vendor\cakephp\cakephp\src\ORM\Locator\TableLocator.php:244
- C:\wamp64\www\CakeComposer\projeto_mod13\vendor\cakephp\cakephp\src\ORM\Locator\TableLocator.php:187
- C:\wamp64\www\CakeComposer\projeto_mod13\vendor\cakephp\cakephp\src\Datasource\ModelAwareTrait.php:128
- C:\wamp64\www\CakeComposer\projeto_mod13\vendor\cakephp\cakephp\src\Controller\Controller.php:300
- C:\wamp64\www\CakeComposer\projeto_mod13\src\Controller\ClienteController.php:19
- C:\wamp64\www\CakeComposer\projeto_mod13\vendor\cakephp\cakephp\src\Controller\Controller.php:524
- C:\wamp64\www\CakeComposer\projeto_mod13\vendor\cakephp\cakephp\src\Controller\ControllerFactory.php:79
- C:\wamp64\www\CakeComposer\projeto_mod13\vendor\cakephp\cakephp\src\Http\BaseApplication.php:229
- C:\wamp64\www\CakeComposer\projeto_mod13\vendor\cakephp\cakephp\src\Http\Runner.php:77
- C:\wamp64\www\CakeComposer\projeto_mod13\vendor\cakephp\cakephp\src\Http\Runner.php:77
- C:\wamp64\www\CakeComposer\projeto_mod13\vendor\cakephp\cakephp\src\Http\Middleware\CsrfProtectionMiddleware.php:132
- C:\wamp64\www\CakeComposer\projeto_mod13\vendor\cakephp\cakephp\src\Http\Runner.php:73
- C:\wamp64\www\CakeComposer\projeto_mod13\vendor\cakephp\cakephp\src\Http\Runner.php:58
- C:\wamp64\www\CakeComposer\projeto_mod13\vendor\cakephp\cakephp\src\Routing\Middleware\RoutingMiddleware.php:162
- C:\wamp64\www\CakeComposer\projeto_mod13\vendor\cakephp\cakephp\src\Http\Runner.php:73
- C:\wamp64\www\CakeComposer\projeto_mod13\vendor\cakephp\cakephp\src\Routing\Middleware\AssetMiddleware.php:68
- C:\wamp64\www\CakeComposer\projeto_mod13\vendor\cakephp\cakephp\src\Http\Runner.php:73
- C:\wamp64\www\CakeComposer\projeto_mod13\vendor\cakephp\cakephp\src\Error\Middleware\ErrorHandlerMiddleware.php:118
- C:\wamp64\www\CakeComposer\projeto_mod13\vendor\cakephp\cakephp\src\Http\Runner.php:73
- C:\wamp64\www\CakeComposer\projeto_mod13\vendor\cakephp\debug_kit\src\Middleware\DebugKitMiddleware.php:60
- C:\wamp64\www\CakeComposer\projeto_mod13\vendor\cakephp\cakephp\src\Http\Runner.php:73
- C:\wamp64\www\CakeComposer\projeto_mod13\vendor\cakephp\cakephp\src\Http\Runner.php:58
- C:\wamp64\www\CakeComposer\projeto_mod13\vendor\cakephp\cakephp\src\Http\Server.php:90
- C:\wamp64\www\CakeComposer\projeto_mod13\webroot\index.php:40

Request URL: /cliente


2020-01-14 09:41:38 Error: [ParseError] syntax error, unexpected '?>', expecting function (T_FUNCTION) or const (T_CONST) in C:\wamp64\www\CakeComposer\projeto_mod13\src\Model\Table\EmpregadoTable.php on line 30
Stack Trace:
- C:\wamp64\www\CakeComposer\projeto_mod13\vendor\composer\ClassLoader.php:322
- spl_autoload_call - [internal], line ??- class_exists - [internal], line ??- C:\wamp64\www\CakeComposer\projeto_mod13\vendor\cakephp\cakephp\src\Core\App.php:158
- C:\wamp64\www\CakeComposer\projeto_mod13\vendor\cakephp\cakephp\src\Core\App.php:66
- C:\wamp64\www\CakeComposer\projeto_mod13\vendor\cakephp\cakephp\src\ORM\Locator\TableLocator.php:244
- C:\wamp64\www\CakeComposer\projeto_mod13\vendor\cakephp\cakephp\src\ORM\Locator\TableLocator.php:187
- C:\wamp64\www\CakeComposer\projeto_mod13\vendor\cakephp\cakephp\src\Datasource\ModelAwareTrait.php:128
- C:\wamp64\www\CakeComposer\projeto_mod13\vendor\cakephp\cakephp\src\Controller\Controller.php:300
- C:\wamp64\www\CakeComposer\projeto_mod13\src\Controller\EmpregadoController.php:19
- C:\wamp64\www\CakeComposer\projeto_mod13\vendor\cakephp\cakephp\src\Controller\Controller.php:524
- C:\wamp64\www\CakeComposer\projeto_mod13\vendor\cakephp\cakephp\src\Controller\ControllerFactory.php:79
- C:\wamp64\www\CakeComposer\projeto_mod13\vendor\cakephp\cakephp\src\Http\BaseApplication.php:229
- C:\wamp64\www\CakeComposer\projeto_mod13\vendor\cakephp\cakephp\src\Http\Runner.php:77
- C:\wamp64\www\CakeComposer\projeto_mod13\vendor\cakephp\cakephp\src\Http\Runner.php:77
- C:\wamp64\www\CakeComposer\projeto_mod13\vendor\cakephp\cakephp\src\Http\Middleware\CsrfProtectionMiddleware.php:132
- C:\wamp64\www\CakeComposer\projeto_mod13\vendor\cakephp\cakephp\src\Http\Runner.php:73
- C:\wamp64\www\CakeComposer\projeto_mod13\vendor\cakephp\cakephp\src\Http\Runner.php:58
- C:\wamp64\www\CakeComposer\projeto_mod13\vendor\cakephp\cakephp\src\Routing\Middleware\RoutingMiddleware.php:162
- C:\wamp64\www\CakeComposer\projeto_mod13\vendor\cakephp\cakephp\src\Http\Runner.php:73
- C:\wamp64\www\CakeComposer\projeto_mod13\vendor\cakephp\cakephp\src\Routing\Middleware\AssetMiddleware.php:68
- C:\wamp64\www\CakeComposer\projeto_mod13\vendor\cakephp\cakephp\src\Http\Runner.php:73
- C:\wamp64\www\CakeComposer\projeto_mod13\vendor\cakephp\cakephp\src\Error\Middleware\ErrorHandlerMiddleware.php:118
- C:\wamp64\www\CakeComposer\projeto_mod13\vendor\cakephp\cakephp\src\Http\Runner.php:73
- C:\wamp64\www\CakeComposer\projeto_mod13\vendor\cakephp\debug_kit\src\Middleware\DebugKitMiddleware.php:60
- C:\wamp64\www\CakeComposer\projeto_mod13\vendor\cakephp\cakephp\src\Http\Runner.php:73
- C:\wamp64\www\CakeComposer\projeto_mod13\vendor\cakephp\cakephp\src\Http\Runner.php:58
- C:\wamp64\www\CakeComposer\projeto_mod13\vendor\cakephp\cakephp\src\Http\Server.php:90
- C:\wamp64\www\CakeComposer\projeto_mod13\webroot\index.php:40

Request URL: /empregado


2020-01-14 09:42:07 Warning: Warning (2): Invalid argument supplied for foreach() in [C:\wamp64\www\CakeComposer\projeto_mod13\templates\Empregado\index.php, line 17]
Request URL: /empregado
Trace:
Cake\Error\BaseErrorHandler::handleError() - CORE\src\Error\BaseErrorHandler.php, line 178
include - ROOT\templates\Empregado\index.php, line 17
Cake\View\View::_evaluate() - CORE\src\View\View.php, line 1164
Cake\View\View::_render() - CORE\src\View\View.php, line 1125
Cake\View\View::render() - CORE\src\View\View.php, line 750
Cake\Controller\Controller::render() - CORE\src\Controller\Controller.php, line 691
Cake\Controller\Controller::invokeAction() - CORE\src\Controller\Controller.php, line 533
Cake\Controller\ControllerFactory::invoke() - CORE\src\Controller\ControllerFactory.php, line 79
Cake\Http\BaseApplication::handle() - CORE\src\Http\BaseApplication.php, line 229
Cake\Http\Runner::handle() - CORE\src\Http\Runner.php, line 77
Cake\Http\Runner::handle() - CORE\src\Http\Runner.php, line 77
Cake\Http\Middleware\CsrfProtectionMiddleware::process() - CORE\src\Http\Middleware\CsrfProtectionMiddleware.php, line 132
Cake\Http\Runner::handle() - CORE\src\Http\Runner.php, line 73
Cake\Http\Runner::run() - CORE\src\Http\Runner.php, line 58
Cake\Routing\Middleware\RoutingMiddleware::process() - CORE\src\Routing\Middleware\RoutingMiddleware.php, line 162
Cake\Http\Runner::handle() - CORE\src\Http\Runner.php, line 73
Cake\Routing\Middleware\AssetMiddleware::process() - CORE\src\Routing\Middleware\AssetMiddleware.php, line 68
Cake\Http\Runner::handle() - CORE\src\Http\Runner.php, line 73
Cake\Error\Middleware\ErrorHandlerMiddleware::process() - CORE\src\Error\Middleware\ErrorHandlerMiddleware.php, line 118
Cake\Http\Runner::handle() - CORE\src\Http\Runner.php, line 73
DebugKit\Middleware\DebugKitMiddleware::process() - ROOT\vendor\cakephp\debug_kit\src\Middleware\DebugKitMiddleware.php, line 60
Cake\Http\Runner::handle() - CORE\src\Http\Runner.php, line 73
Cake\Http\Runner::run() - CORE\src\Http\Runner.php, line 58
Cake\Http\Server::run() - CORE\src\Http\Server.php, line 90
[main] - ROOT\webroot\index.php, line 40



2020-01-14 09:49:56 Error: [Cake\View\Exception\MissingTemplateException] Template file 'Empregado\edit.php' could not be found.

The following paths were searched:

- C:\wamp64\www\CakeComposer\projeto_mod13\templates\
- C:\wamp64\www\CakeComposer\projeto_mod13\vendor\cakephp\cakephp\templates\
 in Empregado\edit.php on line 1335
Exception Attributes: array (
  'file' => 'Empregado\\edit.php',
  'paths' => 
  array (
    0 => 'C:\\wamp64\\www\\CakeComposer\\projeto_mod13\\templates\\',
    1 => 'C:\\wamp64\\www\\CakeComposer\\projeto_mod13\\vendor\\cakephp\\cakephp\\templates\\',
  ),
)
Stack Trace:
- C:\wamp64\www\CakeComposer\projeto_mod13\vendor\cakephp\cakephp\src\View\View.php:747
- C:\wamp64\www\CakeComposer\projeto_mod13\vendor\cakephp\cakephp\src\Controller\Controller.php:691
- C:\wamp64\www\CakeComposer\projeto_mod13\vendor\cakephp\cakephp\src\Controller\Controller.php:533
- C:\wamp64\www\CakeComposer\projeto_mod13\vendor\cakephp\cakephp\src\Controller\ControllerFactory.php:79
- C:\wamp64\www\CakeComposer\projeto_mod13\vendor\cakephp\cakephp\src\Http\BaseApplication.php:229
- C:\wamp64\www\CakeComposer\projeto_mod13\vendor\cakephp\cakephp\src\Http\Runner.php:77
- C:\wamp64\www\CakeComposer\projeto_mod13\vendor\cakephp\cakephp\src\Http\Runner.php:77
- C:\wamp64\www\CakeComposer\projeto_mod13\vendor\cakephp\cakephp\src\Http\Middleware\CsrfProtectionMiddleware.php:132
- C:\wamp64\www\CakeComposer\projeto_mod13\vendor\cakephp\cakephp\src\Http\Runner.php:73
- C:\wamp64\www\CakeComposer\projeto_mod13\vendor\cakephp\cakephp\src\Http\Runner.php:58
- C:\wamp64\www\CakeComposer\projeto_mod13\vendor\cakephp\cakephp\src\Routing\Middleware\RoutingMiddleware.php:162
- C:\wamp64\www\CakeComposer\projeto_mod13\vendor\cakephp\cakephp\src\Http\Runner.php:73
- C:\wamp64\www\CakeComposer\projeto_mod13\vendor\cakephp\cakephp\src\Routing\Middleware\AssetMiddleware.php:68
- C:\wamp64\www\CakeComposer\projeto_mod13\vendor\cakephp\cakephp\src\Http\Runner.php:73
- C:\wamp64\www\CakeComposer\projeto_mod13\vendor\cakephp\cakephp\src\Error\Middleware\ErrorHandlerMiddleware.php:118
- C:\wamp64\www\CakeComposer\projeto_mod13\vendor\cakephp\cakephp\src\Http\Runner.php:73
- C:\wamp64\www\CakeComposer\projeto_mod13\vendor\cakephp\debug_kit\src\Middleware\DebugKitMiddleware.php:60
- C:\wamp64\www\CakeComposer\projeto_mod13\vendor\cakephp\cakephp\src\Http\Runner.php:73
- C:\wamp64\www\CakeComposer\projeto_mod13\vendor\cakephp\cakephp\src\Http\Runner.php:58
- C:\wamp64\www\CakeComposer\projeto_mod13\vendor\cakephp\cakephp\src\Http\Server.php:90
- C:\wamp64\www\CakeComposer\projeto_mod13\webroot\index.php:40

Request URL: /empregado/edit/4
Referer URL: http://localhost/CakeComposer/projeto_mod13/empregado


2020-01-14 09:50:06 Error: [Cake\View\Exception\MissingTemplateException] Template file 'Empregado\add.php' could not be found.

The following paths were searched:

- C:\wamp64\www\CakeComposer\projeto_mod13\templates\
- C:\wamp64\www\CakeComposer\projeto_mod13\vendor\cakephp\cakephp\templates\
 in Empregado\add.php on line 1335
Exception Attributes: array (
  'file' => 'Empregado\\add.php',
  'paths' => 
  array (
    0 => 'C:\\wamp64\\www\\CakeComposer\\projeto_mod13\\templates\\',
    1 => 'C:\\wamp64\\www\\CakeComposer\\projeto_mod13\\vendor\\cakephp\\cakephp\\templates\\',
  ),
)
Stack Trace:
- C:\wamp64\www\CakeComposer\projeto_mod13\vendor\cakephp\cakephp\src\View\View.php:747
- C:\wamp64\www\CakeComposer\projeto_mod13\vendor\cakephp\cakephp\src\Controller\Controller.php:691
- C:\wamp64\www\CakeComposer\projeto_mod13\vendor\cakephp\cakephp\src\Controller\Controller.php:533
- C:\wamp64\www\CakeComposer\projeto_mod13\vendor\cakephp\cakephp\src\Controller\ControllerFactory.php:79
- C:\wamp64\www\CakeComposer\projeto_mod13\vendor\cakephp\cakephp\src\Http\BaseApplication.php:229
- C:\wamp64\www\CakeComposer\projeto_mod13\vendor\cakephp\cakephp\src\Http\Runner.php:77
- C:\wamp64\www\CakeComposer\projeto_mod13\vendor\cakephp\cakephp\src\Http\Runner.php:77
- C:\wamp64\www\CakeComposer\projeto_mod13\vendor\cakephp\cakephp\src\Http\Middleware\CsrfProtectionMiddleware.php:132
- C:\wamp64\www\CakeComposer\projeto_mod13\vendor\cakephp\cakephp\src\Http\Runner.php:73
- C:\wamp64\www\CakeComposer\projeto_mod13\vendor\cakephp\cakephp\src\Http\Runner.php:58
- C:\wamp64\www\CakeComposer\projeto_mod13\vendor\cakephp\cakephp\src\Routing\Middleware\RoutingMiddleware.php:162
- C:\wamp64\www\CakeComposer\projeto_mod13\vendor\cakephp\cakephp\src\Http\Runner.php:73
- C:\wamp64\www\CakeComposer\projeto_mod13\vendor\cakephp\cakephp\src\Routing\Middleware\AssetMiddleware.php:68
- C:\wamp64\www\CakeComposer\projeto_mod13\vendor\cakephp\cakephp\src\Http\Runner.php:73
- C:\wamp64\www\CakeComposer\projeto_mod13\vendor\cakephp\cakephp\src\Error\Middleware\ErrorHandlerMiddleware.php:118
- C:\wamp64\www\CakeComposer\projeto_mod13\vendor\cakephp\cakephp\src\Http\Runner.php:73
- C:\wamp64\www\CakeComposer\projeto_mod13\vendor\cakephp\debug_kit\src\Middleware\DebugKitMiddleware.php:60
- C:\wamp64\www\CakeComposer\projeto_mod13\vendor\cakephp\cakephp\src\Http\Runner.php:73
- C:\wamp64\www\CakeComposer\projeto_mod13\vendor\cakephp\cakephp\src\Http\Runner.php:58
- C:\wamp64\www\CakeComposer\projeto_mod13\vendor\cakephp\cakephp\src\Http\Server.php:90
- C:\wamp64\www\CakeComposer\projeto_mod13\webroot\index.php:40

Request URL: /empregado/add
Referer URL: http://localhost/CakeComposer/projeto_mod13/empregado


2020-01-14 09:57:10 Error: [TypeError] Argument 1 passed to Cake\Http\Session::_overwrite() must be of the type array, null given, called in C:\wamp64\www\CakeComposer\projeto_mod13\vendor\cakephp\cakephp\src\Http\Session.php on line 491 in C:\wamp64\www\CakeComposer\projeto_mod13\vendor\cakephp\cakephp\src\Http\Session.php on line 537
Stack Trace:
- C:\wamp64\www\CakeComposer\projeto_mod13\vendor\cakephp\cakephp\src\Http\Session.php:491
- C:\wamp64\www\CakeComposer\projeto_mod13\vendor\cakephp\cakephp\src\Controller\Component\FlashComponent.php:112
- C:\wamp64\www\CakeComposer\projeto_mod13\vendor\cakephp\cakephp\src\Controller\Component\FlashComponent.php:155
- C:\wamp64\www\CakeComposer\projeto_mod13\src\Controller\EmpregadoController.php:63
- C:\wamp64\www\CakeComposer\projeto_mod13\vendor\cakephp\cakephp\src\Controller\Controller.php:524
- C:\wamp64\www\CakeComposer\projeto_mod13\vendor\cakephp\cakephp\src\Controller\ControllerFactory.php:79
- C:\wamp64\www\CakeComposer\projeto_mod13\vendor\cakephp\cakephp\src\Http\BaseApplication.php:229
- C:\wamp64\www\CakeComposer\projeto_mod13\vendor\cakephp\cakephp\src\Http\Runner.php:77
- C:\wamp64\www\CakeComposer\projeto_mod13\vendor\cakephp\cakephp\src\Http\Runner.php:77
- C:\wamp64\www\CakeComposer\projeto_mod13\vendor\cakephp\cakephp\src\Http\Middleware\CsrfProtectionMiddleware.php:132
- C:\wamp64\www\CakeComposer\projeto_mod13\vendor\cakephp\cakephp\src\Http\Runner.php:73
- C:\wamp64\www\CakeComposer\projeto_mod13\vendor\cakephp\cakephp\src\Http\Runner.php:58
- C:\wamp64\www\CakeComposer\projeto_mod13\vendor\cakephp\cakephp\src\Routing\Middleware\RoutingMiddleware.php:162
- C:\wamp64\www\CakeComposer\projeto_mod13\vendor\cakephp\cakephp\src\Http\Runner.php:73
- C:\wamp64\www\CakeComposer\projeto_mod13\vendor\cakephp\cakephp\src\Routing\Middleware\AssetMiddleware.php:68
- C:\wamp64\www\CakeComposer\projeto_mod13\vendor\cakephp\cakephp\src\Http\Runner.php:73
- C:\wamp64\www\CakeComposer\projeto_mod13\vendor\cakephp\cakephp\src\Error\Middleware\ErrorHandlerMiddleware.php:118
- C:\wamp64\www\CakeComposer\projeto_mod13\vendor\cakephp\cakephp\src\Http\Runner.php:73
- C:\wamp64\www\CakeComposer\projeto_mod13\vendor\cakephp\debug_kit\src\Middleware\DebugKitMiddleware.php:60
- C:\wamp64\www\CakeComposer\projeto_mod13\vendor\cakephp\cakephp\src\Http\Runner.php:73
- C:\wamp64\www\CakeComposer\projeto_mod13\vendor\cakephp\cakephp\src\Http\Runner.php:58
- C:\wamp64\www\CakeComposer\projeto_mod13\vendor\cakephp\cakephp\src\Http\Server.php:90
- C:\wamp64\www\CakeComposer\projeto_mod13\webroot\index.php:40

Request URL: /empregado/delete/18
Referer URL: http://localhost/CakeComposer/projeto_mod13/empregado


2020-01-14 09:57:10 Warning: Warning (512): Unable to emit headers. Headers sent in file=C:\wamp64\www\CakeComposer\projeto_mod13\vendor\cakephp\cakephp\src\Error\Debugger.php line=831 in [C:\wamp64\www\CakeComposer\projeto_mod13\vendor\cakephp\cakephp\src\Http\ResponseEmitter.php, line 72]
Request URL: /empregado/delete/18
Referer URL: http://localhost/CakeComposer/projeto_mod13/empregado
Trace:
Cake\Error\BaseErrorHandler::handleError() - CORE\src\Error\BaseErrorHandler.php, line 178
DebugKit\Plugin::DebugKit\{closure}() - ROOT\vendor\cakephp\debug_kit\src\Plugin.php, line 90
Cake\Http\ResponseEmitter::emit() - CORE\src\Http\ResponseEmitter.php, line 72
Cake\Http\Server::emit() - CORE\src\Http\Server.php, line 130
[main] - ROOT\webroot\index.php, line 40



2020-01-14 09:57:10 Warning: Warning (2): Cannot modify header information - headers already sent by (output started at C:\wamp64\www\CakeComposer\projeto_mod13\vendor\cakephp\cakephp\src\Error\Debugger.php:831) in [C:\wamp64\www\CakeComposer\projeto_mod13\vendor\cakephp\cakephp\src\Http\ResponseEmitter.php, line 169]
Request URL: /empregado/delete/18
Referer URL: http://localhost/CakeComposer/projeto_mod13/empregado
Trace:
Cake\Error\BaseErrorHandler::handleError() - CORE\src\Error\BaseErrorHandler.php, line 178
DebugKit\Plugin::DebugKit\{closure}() - ROOT\vendor\cakephp\debug_kit\src\Plugin.php, line 90
header - [internal], line ??
Cake\Http\ResponseEmitter::emitStatusLine() - CORE\src\Http\ResponseEmitter.php, line 169
Cake\Http\ResponseEmitter::emit() - CORE\src\Http\ResponseEmitter.php, line 75
Cake\Http\Server::emit() - CORE\src\Http\Server.php, line 130
[main] - ROOT\webroot\index.php, line 40



2020-01-14 09:57:10 Warning: Warning (2): Cannot modify header information - headers already sent by (output started at C:\wamp64\www\CakeComposer\projeto_mod13\vendor\cakephp\cakephp\src\Error\Debugger.php:831) in [C:\wamp64\www\CakeComposer\projeto_mod13\vendor\cakephp\cakephp\src\Http\ResponseEmitter.php, line 198]
Request URL: /empregado/delete/18
Referer URL: http://localhost/CakeComposer/projeto_mod13/empregado
Trace:
Cake\Error\BaseErrorHandler::handleError() - CORE\src\Error\BaseErrorHandler.php, line 178
DebugKit\Plugin::DebugKit\{closure}() - ROOT\vendor\cakephp\debug_kit\src\Plugin.php, line 90
header - [internal], line ??
Cake\Http\ResponseEmitter::emitHeaders() - CORE\src\Http\ResponseEmitter.php, line 198
Cake\Http\ResponseEmitter::emit() - CORE\src\Http\ResponseEmitter.php, line 76
Cake\Http\Server::emit() - CORE\src\Http\Server.php, line 130
[main] - ROOT\webroot\index.php, line 40



2020-01-14 09:57:10 Warning: Warning (2): Cannot modify header information - headers already sent by (output started at C:\wamp64\www\CakeComposer\projeto_mod13\vendor\cakephp\cakephp\src\Error\Debugger.php:831) in [C:\wamp64\www\CakeComposer\projeto_mod13\vendor\cakephp\cakephp\src\Http\ResponseEmitter.php, line 198]
Request URL: /empregado/delete/18
Referer URL: http://localhost/CakeComposer/projeto_mod13/empregado
Trace:
Cake\Error\BaseErrorHandler::handleError() - CORE\src\Error\BaseErrorHandler.php, line 178
DebugKit\Plugin::DebugKit\{closure}() - ROOT\vendor\cakephp\debug_kit\src\Plugin.php, line 90
header - [internal], line ??
Cake\Http\ResponseEmitter::emitHeaders() - CORE\src\Http\ResponseEmitter.php, line 198
Cake\Http\ResponseEmitter::emit() - CORE\src\Http\ResponseEmitter.php, line 76
Cake\Http\Server::emit() - CORE\src\Http\Server.php, line 130
[main] - ROOT\webroot\index.php, line 40



2020-01-15 11:48:51 Error: [Cake\Http\Exception\MissingControllerException] Controller class Produto could not be found. in C:\wamp64\www\CakeComposer\projeto_mod13\vendor\cakephp\cakephp\src\Controller\ControllerFactory.php on line 155
Exception Attributes: array (
  'class' => 'Produto',
  'plugin' => NULL,
  'prefix' => NULL,
  '_ext' => NULL,
)
Stack Trace:
- C:\wamp64\www\CakeComposer\projeto_mod13\vendor\cakephp\cakephp\src\Controller\ControllerFactory.php:46
- C:\wamp64\www\CakeComposer\projeto_mod13\vendor\cakephp\cakephp\src\Http\BaseApplication.php:227
- C:\wamp64\www\CakeComposer\projeto_mod13\vendor\cakephp\cakephp\src\Http\Runner.php:77
- C:\wamp64\www\CakeComposer\projeto_mod13\vendor\cakephp\cakephp\src\Http\Runner.php:77
- C:\wamp64\www\CakeComposer\projeto_mod13\vendor\cakephp\cakephp\src\Http\Middleware\CsrfProtectionMiddleware.php:132
- C:\wamp64\www\CakeComposer\projeto_mod13\vendor\cakephp\cakephp\src\Http\Runner.php:73
- C:\wamp64\www\CakeComposer\projeto_mod13\vendor\cakephp\cakephp\src\Http\Runner.php:58
- C:\wamp64\www\CakeComposer\projeto_mod13\vendor\cakephp\cakephp\src\Routing\Middleware\RoutingMiddleware.php:162
- C:\wamp64\www\CakeComposer\projeto_mod13\vendor\cakephp\cakephp\src\Http\Runner.php:73
- C:\wamp64\www\CakeComposer\projeto_mod13\vendor\cakephp\cakephp\src\Routing\Middleware\AssetMiddleware.php:68
- C:\wamp64\www\CakeComposer\projeto_mod13\vendor\cakephp\cakephp\src\Http\Runner.php:73
- C:\wamp64\www\CakeComposer\projeto_mod13\vendor\cakephp\cakephp\src\Error\Middleware\ErrorHandlerMiddleware.php:118
- C:\wamp64\www\CakeComposer\projeto_mod13\vendor\cakephp\cakephp\src\Http\Runner.php:73
- C:\wamp64\www\CakeComposer\projeto_mod13\vendor\cakephp\debug_kit\src\Middleware\DebugKitMiddleware.php:60
- C:\wamp64\www\CakeComposer\projeto_mod13\vendor\cakephp\cakephp\src\Http\Runner.php:73
- C:\wamp64\www\CakeComposer\projeto_mod13\vendor\cakephp\cakephp\src\Http\Runner.php:58
- C:\wamp64\www\CakeComposer\projeto_mod13\vendor\cakephp\cakephp\src\Http\Server.php:90
- C:\wamp64\www\CakeComposer\projeto_mod13\webroot\index.php:40

Request URL: /produto
Referer URL: http://localhost/CakeComposer/projeto_mod13/empregado


2020-01-15 12:01:53 Warning: Warning (2): Invalid argument supplied for foreach() in [C:\wamp64\www\CakeComposer\projeto_mod13\templates\Produto\index.php, line 16]
Request URL: /produto
Referer URL: http://localhost/CakeComposer/projeto_mod13/fornecedor
Trace:
Cake\Error\BaseErrorHandler::handleError() - CORE\src\Error\BaseErrorHandler.php, line 178
include - ROOT\templates\Produto\index.php, line 16
Cake\View\View::_evaluate() - CORE\src\View\View.php, line 1164
Cake\View\View::_render() - CORE\src\View\View.php, line 1125
Cake\View\View::render() - CORE\src\View\View.php, line 750
Cake\Controller\Controller::render() - CORE\src\Controller\Controller.php, line 691
Cake\Controller\Controller::invokeAction() - CORE\src\Controller\Controller.php, line 533
Cake\Controller\ControllerFactory::invoke() - CORE\src\Controller\ControllerFactory.php, line 79
Cake\Http\BaseApplication::handle() - CORE\src\Http\BaseApplication.php, line 229
Cake\Http\Runner::handle() - CORE\src\Http\Runner.php, line 77
Cake\Http\Runner::handle() - CORE\src\Http\Runner.php, line 77
Cake\Http\Middleware\CsrfProtectionMiddleware::process() - CORE\src\Http\Middleware\CsrfProtectionMiddleware.php, line 132
Cake\Http\Runner::handle() - CORE\src\Http\Runner.php, line 73
Cake\Http\Runner::run() - CORE\src\Http\Runner.php, line 58
Cake\Routing\Middleware\RoutingMiddleware::process() - CORE\src\Routing\Middleware\RoutingMiddleware.php, line 162
Cake\Http\Runner::handle() - CORE\src\Http\Runner.php, line 73
Cake\Routing\Middleware\AssetMiddleware::process() - CORE\src\Routing\Middleware\AssetMiddleware.php, line 68
Cake\Http\Runner::handle() - CORE\src\Http\Runner.php, line 73
Cake\Error\Middleware\ErrorHandlerMiddleware::process() - CORE\src\Error\Middleware\ErrorHandlerMiddleware.php, line 118
Cake\Http\Runner::handle() - CORE\src\Http\Runner.php, line 73
DebugKit\Middleware\DebugKitMiddleware::process() - ROOT\vendor\cakephp\debug_kit\src\Middleware\DebugKitMiddleware.php, line 60
Cake\Http\Runner::handle() - CORE\src\Http\Runner.php, line 73
Cake\Http\Runner::run() - CORE\src\Http\Runner.php, line 58
Cake\Http\Server::run() - CORE\src\Http\Server.php, line 90
[main] - ROOT\webroot\index.php, line 40



2020-01-16 20:18:13 Error: [Cake\Http\Exception\MissingControllerException] Controller class Css could not be found. in C:\wamp64\www\CakeComposer\projeto_mod13\vendor\cakephp\cakephp\src\Controller\ControllerFactory.php on line 155
Exception Attributes: array (
  'class' => 'Css',
  'plugin' => NULL,
  'prefix' => NULL,
  '_ext' => NULL,
)
Stack Trace:
- C:\wamp64\www\CakeComposer\projeto_mod13\vendor\cakephp\cakephp\src\Controller\ControllerFactory.php:46
- C:\wamp64\www\CakeComposer\projeto_mod13\vendor\cakephp\cakephp\src\Http\BaseApplication.php:227
- C:\wamp64\www\CakeComposer\projeto_mod13\vendor\cakephp\cakephp\src\Http\Runner.php:77
- C:\wamp64\www\CakeComposer\projeto_mod13\vendor\cakephp\cakephp\src\Http\Runner.php:77
- C:\wamp64\www\CakeComposer\projeto_mod13\vendor\cakephp\cakephp\src\Http\Middleware\CsrfProtectionMiddleware.php:132
- C:\wamp64\www\CakeComposer\projeto_mod13\vendor\cakephp\cakephp\src\Http\Runner.php:73
- C:\wamp64\www\CakeComposer\projeto_mod13\vendor\cakephp\cakephp\src\Http\Runner.php:58
- C:\wamp64\www\CakeComposer\projeto_mod13\vendor\cakephp\cakephp\src\Routing\Middleware\RoutingMiddleware.php:162
- C:\wamp64\www\CakeComposer\projeto_mod13\vendor\cakephp\cakephp\src\Http\Runner.php:73
- C:\wamp64\www\CakeComposer\projeto_mod13\vendor\cakephp\cakephp\src\Routing\Middleware\AssetMiddleware.php:77
- C:\wamp64\www\CakeComposer\projeto_mod13\vendor\cakephp\cakephp\src\Http\Runner.php:73
- C:\wamp64\www\CakeComposer\projeto_mod13\vendor\cakephp\cakephp\src\Error\Middleware\ErrorHandlerMiddleware.php:118
- C:\wamp64\www\CakeComposer\projeto_mod13\vendor\cakephp\cakephp\src\Http\Runner.php:73
- C:\wamp64\www\CakeComposer\projeto_mod13\vendor\cakephp\debug_kit\src\Middleware\DebugKitMiddleware.php:60
- C:\wamp64\www\CakeComposer\projeto_mod13\vendor\cakephp\cakephp\src\Http\Runner.php:73
- C:\wamp64\www\CakeComposer\projeto_mod13\vendor\cakephp\cakephp\src\Http\Runner.php:58
- C:\wamp64\www\CakeComposer\projeto_mod13\vendor\cakephp\cakephp\src\Http\Server.php:90
- C:\wamp64\www\CakeComposer\projeto_mod13\webroot\index.php:40

Request URL: /css/milligram.min.css.map


2020-01-16 20:18:18 Error: [Cake\Http\Exception\MissingControllerException] Controller class Css could not be found. in C:\wamp64\www\CakeComposer\projeto_mod13\vendor\cakephp\cakephp\src\Controller\ControllerFactory.php on line 155
Exception Attributes: array (
  'class' => 'Css',
  'plugin' => NULL,
  'prefix' => NULL,
  '_ext' => NULL,
)
Stack Trace:
- C:\wamp64\www\CakeComposer\projeto_mod13\vendor\cakephp\cakephp\src\Controller\ControllerFactory.php:46
- C:\wamp64\www\CakeComposer\projeto_mod13\vendor\cakephp\cakephp\src\Http\BaseApplication.php:227
- C:\wamp64\www\CakeComposer\projeto_mod13\vendor\cakephp\cakephp\src\Http\Runner.php:77
- C:\wamp64\www\CakeComposer\projeto_mod13\vendor\cakephp\cakephp\src\Http\Runner.php:77
- C:\wamp64\www\CakeComposer\projeto_mod13\vendor\cakephp\cakephp\src\Http\Middleware\CsrfProtectionMiddleware.php:132
- C:\wamp64\www\CakeComposer\projeto_mod13\vendor\cakephp\cakephp\src\Http\Runner.php:73
- C:\wamp64\www\CakeComposer\projeto_mod13\vendor\cakephp\cakephp\src\Http\Runner.php:58
- C:\wamp64\www\CakeComposer\projeto_mod13\vendor\cakephp\cakephp\src\Routing\Middleware\RoutingMiddleware.php:162
- C:\wamp64\www\CakeComposer\projeto_mod13\vendor\cakephp\cakephp\src\Http\Runner.php:73
- C:\wamp64\www\CakeComposer\projeto_mod13\vendor\cakephp\cakephp\src\Routing\Middleware\AssetMiddleware.php:77
- C:\wamp64\www\CakeComposer\projeto_mod13\vendor\cakephp\cakephp\src\Http\Runner.php:73
- C:\wamp64\www\CakeComposer\projeto_mod13\vendor\cakephp\cakephp\src\Error\Middleware\ErrorHandlerMiddleware.php:118
- C:\wamp64\www\CakeComposer\projeto_mod13\vendor\cakephp\cakephp\src\Http\Runner.php:73
- C:\wamp64\www\CakeComposer\projeto_mod13\vendor\cakephp\debug_kit\src\Middleware\DebugKitMiddleware.php:60
- C:\wamp64\www\CakeComposer\projeto_mod13\vendor\cakephp\cakephp\src\Http\Runner.php:73
- C:\wamp64\www\CakeComposer\projeto_mod13\vendor\cakephp\cakephp\src\Http\Runner.php:58
- C:\wamp64\www\CakeComposer\projeto_mod13\vendor\cakephp\cakephp\src\Http\Server.php:90
- C:\wamp64\www\CakeComposer\projeto_mod13\webroot\index.php:40

Request URL: /css/milligram.min.css.map


